Original label shape: torch.Size([1, 240, 240, 155]), unique values: tensor([0., 1., 2., 4.])
Transformed label shape: torch.Size([3, 240, 240, 155]), unique values: tensor([0., 1.])
Original label shape: torch.Size([1, 240, 240, 155]), unique values: tensor([0., 1., 2., 4.])
Transformed label shape: torch.Size([3, 240, 240, 155]), unique values: tensor([0., 1.])
Original label shape: torch.Size([1, 240, 240, 155]), unique values: tensor([0., 1., 2., 4.])
Transformed label shape: torch.Size([3, 240, 240, 155]), unique values: tensor([0., 1.])
Original label shape: torch.Size([1, 240, 240, 155]), unique values: tensor([0., 1., 2., 4.])
Transformed label shape: torch.Size([3, 240, 240, 155]), unique values: tensor([0., 1.])
Original label shape: torch.Size([1, 240, 240, 155]), unique values: tensor([0., 2., 4.])
Transformed label shape: torch.Size([3, 240, 240, 155]), unique values: tensor([0., 1.])
Original label shape: torch.Size([1, 240, 240, 155]), unique values: tensor([0., 1., 2., 4.])
Transformed label shape: torch.Size([3, 240, 240, 155]), unique values: tensor([0., 1.])
Original label shape: torch.Size([1, 240, 240, 155]), unique values: tensor([0., 1., 2., 4.])
Transformed label shape: torch.Size([3, 240, 240, 155]), unique values: tensor([0., 1.])
Original label shape: torch.Size([1, 240, 240, 155]), unique values: tensor([0., 1., 2., 4.])
Transformed label shape: torch.Size([3, 240, 240, 155]), unique values: tensor([0., 1.])
Original label shape: torch.Size([1, 240, 240, 155]), unique values: tensor([0., 1., 2., 4.])
Transformed label shape: torch.Size([3, 240, 240, 155]), unique values: tensor([0., 1.])
Original label shape: torch.Size([1, 240, 240, 155]), unique values: tensor([0., 1., 2., 4.])
Transformed label shape: torch.Size([3, 240, 240, 155]), unique values: tensor([0., 1.])
Original label shape: torch.Size([1, 240, 240, 155]), unique values: tensor([0., 1., 2., 4.])
Transformed label shape: torch.Size([3, 240, 240, 155]), unique values: tensor([0., 1.])
Original label shape: torch.Size([1, 240, 240, 155]), unique values: tensor([0., 1., 2., 4.])
Transformed label shape: torch.Size([3, 240, 240, 155]), unique values: tensor([0., 1.])
Original label shape: torch.Size([1, 240, 240, 155]), unique values: tensor([0., 1., 2., 4.])
Transformed label shape: torch.Size([3, 240, 240, 155]), unique values: tensor([0., 1.])
Original label shape: torch.Size([1, 240, 240, 155]), unique values: tensor([0., 1., 2., 4.])
Transformed label shape: torch.Size([3, 240, 240, 155]), unique values: tensor([0., 1.])
Original label shape: torch.Size([1, 240, 240, 155]), unique values: tensor([0., 1., 2., 4.])
Transformed label shape: torch.Size([3, 240, 240, 155]), unique values: tensor([0., 1.])
Original label shape: torch.Size([1, 240, 240, 155]), unique values: tensor([0., 1., 2., 4.])
Transformed label shape: torch.Size([3, 240, 240, 155]), unique values: tensor([0., 1.])
Original label shape: torch.Size([1, 240, 240, 155]), unique values: tensor([0., 1., 2., 4.])
Transformed label shape: torch.Size([3, 240, 240, 155]), unique values: tensor([0., 1.])
Original label shape: torch.Size([1, 240, 240, 155]), unique values: tensor([0., 1., 2., 4.])
Transformed label shape: torch.Size([3, 240, 240, 155]), unique values: tensor([0., 1.])
Original label shape: torch.Size([1, 240, 240, 155]), unique values: tensor([0., 1., 2.])
Transformed label shape: torch.Size([3, 240, 240, 155]), unique values: tensor([0., 1.])
Original label shape: torch.Size([1, 240, 240, 155]), unique values: tensor([0., 1., 2., 4.])
Transformed label shape: torch.Size([3, 240, 240, 155]), unique values: tensor([0., 1.])
Original label shape: torch.Size([1, 240, 240, 155]), unique values: tensor([0., 1., 2., 4.])
Transformed label shape: torch.Size([3, 240, 240, 155]), unique values: tensor([0., 1.])
Original label shape: torch.Size([1, 240, 240, 155]), unique values: tensor([0., 1., 2., 4.])
Transformed label shape: torch.Size([3, 240, 240, 155]), unique values: tensor([0., 1.])
Original label shape: torch.Size([1, 240, 240, 155]), unique values: tensor([0., 1., 2., 4.])
Transformed label shape: torch.Size([3, 240, 240, 155]), unique values: tensor([0., 1.])
Original label shape: torch.Size([1, 240, 240, 155]), unique values: tensor([0., 1., 2., 4.])
Transformed label shape: torch.Size([3, 240, 240, 155]), unique values: tensor([0., 1.])
Original label shape: torch.Size([1, 240, 240, 155]), unique values: tensor([0., 1., 2., 4.])
Transformed label shape: torch.Size([3, 240, 240, 155]), unique values: tensor([0., 1.])
Original label shape: torch.Size([1, 240, 240, 155]), unique values: tensor([0., 1., 2., 4.])
Transformed label shape: torch.Size([3, 240, 240, 155]), unique values: tensor([0., 1.])
Original label shape: torch.Size([1, 240, 240, 155]), unique values: tensor([0., 1., 2., 4.])
Transformed label shape: torch.Size([3, 240, 240, 155]), unique values: tensor([0., 1.])
Original label shape: torch.Size([1, 240, 240, 155]), unique values: tensor([0., 1., 2., 4.])
Transformed label shape: torch.Size([3, 240, 240, 155]), unique values: tensor([0., 1.])
Original label shape: torch.Size([1, 240, 240, 155]), unique values: tensor([0., 1., 2., 4.])
Transformed label shape: torch.Size([3, 240, 240, 155]), unique values: tensor([0., 1.])
Original label shape: torch.Size([1, 240, 240, 155]), unique values: tensor([0., 1., 2., 4.])
Transformed label shape: torch.Size([3, 240, 240, 155]), unique values: tensor([0., 1.])
Original label shape: torch.Size([1, 240, 240, 155]), unique values: tensor([0., 1., 2., 4.])
Transformed label shape: torch.Size([3, 240, 240, 155]), unique values: tensor([0., 1.])
Original label shape: torch.Size([1, 240, 240, 155]), unique values: tensor([0., 1., 2., 4.])
Transformed label shape: torch.Size([3, 240, 240, 155]), unique values: tensor([0., 1.])
Original label shape: torch.Size([1, 240, 240, 155]), unique values: tensor([0., 1., 2., 4.])
Transformed label shape: torch.Size([3, 240, 240, 155]), unique values: tensor([0., 1.])
Original label shape: torch.Size([1, 240, 240, 155]), unique values: tensor([0., 1., 2., 4.])
Transformed label shape: torch.Size([3, 240, 240, 155]), unique values: tensor([0., 1.])
Original label shape: torch.Size([1, 240, 240, 155]), unique values: tensor([0., 1., 2., 4.])
Transformed label shape: torch.Size([3, 240, 240, 155]), unique values: tensor([0., 1.])
Original label shape: torch.Size([1, 240, 240, 155]), unique values: tensor([0., 1., 2., 4.])
Transformed label shape: torch.Size([3, 240, 240, 155]), unique values: tensor([0., 1.])
Original label shape: torch.Size([1, 240, 240, 155]), unique values: tensor([0., 1., 2., 4.])
Transformed label shape: torch.Size([3, 240, 240, 155]), unique values: tensor([0., 1.])
Original label shape: torch.Size([1, 240, 240, 155]), unique values: tensor([0., 1., 2., 4.])
Transformed label shape: torch.Size([3, 240, 240, 155]), unique values: tensor([0., 1.])
Original label shape: torch.Size([1, 240, 240, 155]), unique values: tensor([0., 1., 2., 4.])
Transformed label shape: torch.Size([3, 240, 240, 155]), unique values: tensor([0., 1.])
Original label shape: torch.Size([1, 240, 240, 155]), unique values: tensor([0., 1., 2., 4.])
Transformed label shape: torch.Size([3, 240, 240, 155]), unique values: tensor([0., 1.])
Original label shape: torch.Size([1, 240, 240, 155]), unique values: tensor([0., 1., 2., 4.])
Transformed label shape: torch.Size([3, 240, 240, 155]), unique values: tensor([0., 1.])
Original label shape: torch.Size([1, 240, 240, 155]), unique values: tensor([0., 1., 2., 4.])
Transformed label shape: torch.Size([3, 240, 240, 155]), unique values: tensor([0., 1.])
Original label shape: torch.Size([1, 240, 240, 155]), unique values: tensor([0., 1., 2., 4.])
Transformed label shape: torch.Size([3, 240, 240, 155]), unique values: tensor([0., 1.])
Original label shape: torch.Size([1, 240, 240, 155]), unique values: tensor([0., 1., 2., 4.])
Transformed label shape: torch.Size([3, 240, 240, 155]), unique values: tensor([0., 1.])
Original label shape: torch.Size([1, 240, 240, 155]), unique values: tensor([0., 1., 2., 4.])
Transformed label shape: torch.Size([3, 240, 240, 155]), unique values: tensor([0., 1.])
Original label shape: torch.Size([1, 240, 240, 155]), unique values: tensor([0., 1., 2., 4.])
Transformed label shape: torch.Size([3, 240, 240, 155]), unique values: tensor([0., 1.])
Original label shape: torch.Size([1, 240, 240, 155]), unique values: tensor([0., 1., 2., 4.])
Transformed label shape: torch.Size([3, 240, 240, 155]), unique values: tensor([0., 1.])
Original label shape: torch.Size([1, 240, 240, 155]), unique values: tensor([0., 1., 2., 4.])
Transformed label shape: torch.Size([3, 240, 240, 155]), unique values: tensor([0., 1.])
Original label shape: torch.Size([1, 240, 240, 155]), unique values: tensor([0., 1., 2., 4.])
Transformed label shape: torch.Size([3, 240, 240, 155]), unique values: tensor([0., 1.])
Original label shape: torch.Size([1, 240, 240, 155]), unique values: tensor([0., 1., 2., 4.])
Transformed label shape: torch.Size([3, 240, 240, 155]), unique values: tensor([0., 1.])
Original label shape: torch.Size([1, 240, 240, 155]), unique values: tensor([0., 1., 2., 4.])
Transformed label shape: torch.Size([3, 240, 240, 155]), unique values: tensor([0., 1.])
Original label shape: torch.Size([1, 240, 240, 155]), unique values: tensor([0., 1., 2., 4.])
Transformed label shape: torch.Size([3, 240, 240, 155]), unique values: tensor([0., 1.])
Original label shape: torch.Size([1, 240, 240, 155]), unique values: tensor([0., 1., 2., 4.])
Transformed label shape: torch.Size([3, 240, 240, 155]), unique values: tensor([0., 1.])
Original label shape: torch.Size([1, 240, 240, 155]), unique values: tensor([0., 1., 2., 4.])
Transformed label shape: torch.Size([3, 240, 240, 155]), unique values: tensor([0., 1.])
Original label shape: torch.Size([1, 240, 240, 155]), unique values: tensor([0., 1., 2., 4.])
Transformed label shape: torch.Size([3, 240, 240, 155]), unique values: tensor([0., 1.])
Original label shape: torch.Size([1, 240, 240, 155]), unique values: tensor([0., 1., 2., 4.])
Transformed label shape: torch.Size([3, 240, 240, 155]), unique values: tensor([0., 1.])
Original label shape: torch.Size([1, 240, 240, 155]), unique values: tensor([0., 1., 2., 4.])
Transformed label shape: torch.Size([3, 240, 240, 155]), unique values: tensor([0., 1.])
Original label shape: torch.Size([1, 240, 240, 155]), unique values: tensor([0., 1., 2., 4.])
Transformed label shape: torch.Size([3, 240, 240, 155]), unique values: tensor([0., 1.])
Original label shape: torch.Size([1, 240, 240, 155]), unique values: tensor([0., 1., 2., 4.])
Transformed label shape: torch.Size([3, 240, 240, 155]), unique values: tensor([0., 1.])
Original label shape: torch.Size([1, 240, 240, 155]), unique values: tensor([0., 1., 2., 4.])
Transformed label shape: torch.Size([3, 240, 240, 155]), unique values: tensor([0., 1.])
Original label shape: torch.Size([1, 240, 240, 155]), unique values: tensor([0., 1., 2., 4.])
Transformed label shape: torch.Size([3, 240, 240, 155]), unique values: tensor([0., 1.])
[1;34mwandb[0m: 
[1;34mwandb[0m: 🚀 View run [33mruby-voice-49[0m at: [34mhttps://wandb.ai/KaMiPa/brats_segmentation/runs/8o3ahm2d[0m
[1;34mwandb[0m: Find logs at: [1;35m../../../../../../mnt/aiongpfs/users/mnaseh/brats-segmentation-pipeline/task4/brats_segmentation/wandb/run-20250120_010931-8o3ahm2d/logs[0m
