Original label shape: torch.Size([1, 240, 240, 155]), unique values: tensor([0., 1., 2., 4.])
Transformed label shape: torch.Size([3, 240, 240, 155]), unique values: tensor([0., 1.])
Original label shape: torch.Size([1, 240, 240, 155]), unique values: tensor([0., 1., 2., 4.])
Transformed label shape: torch.Size([3, 240, 240, 155]), unique values: tensor([0., 1.])
Original label shape: torch.Size([1, 240, 240, 155]), unique values: tensor([0., 1., 2., 4.])
Transformed label shape: torch.Size([3, 240, 240, 155]), unique values: tensor([0., 1.])
Original label shape: torch.Size([1, 240, 240, 155]), unique values: tensor([0., 1., 2., 4.])
Transformed label shape: torch.Size([3, 240, 240, 155]), unique values: tensor([0., 1.])
Original label shape: torch.Size([1, 240, 240, 155]), unique values: tensor([0., 2., 4.])
Transformed label shape: torch.Size([3, 240, 240, 155]), unique values: tensor([0., 1.])
Original label shape: torch.Size([1, 240, 240, 155]), unique values: tensor([0., 1., 2., 4.])
Transformed label shape: torch.Size([3, 240, 240, 155]), unique values: tensor([0., 1.])
Original label shape: torch.Size([1, 240, 240, 155]), unique values: tensor([0., 1., 2., 4.])
Transformed label shape: torch.Size([3, 240, 240, 155]), unique values: tensor([0., 1.])
Original label shape: torch.Size([1, 240, 240, 155]), unique values: tensor([0., 1., 2., 4.])
Transformed label shape: torch.Size([3, 240, 240, 155]), unique values: tensor([0., 1.])
Original label shape: torch.Size([1, 240, 240, 155]), unique values: tensor([0., 1., 2., 4.])
Transformed label shape: torch.Size([3, 240, 240, 155]), unique values: tensor([0., 1.])
Original label shape: torch.Size([1, 240, 240, 155]), unique values: tensor([0., 1., 2., 4.])
Transformed label shape: torch.Size([3, 240, 240, 155]), unique values: tensor([0., 1.])
Original label shape: torch.Size([1, 240, 240, 155]), unique values: tensor([0., 1., 2., 4.])
Transformed label shape: torch.Size([3, 240, 240, 155]), unique values: tensor([0., 1.])
Original label shape: torch.Size([1, 240, 240, 155]), unique values: tensor([0., 1., 2., 4.])
Transformed label shape: torch.Size([3, 240, 240, 155]), unique values: tensor([0., 1.])
Original label shape: torch.Size([1, 240, 240, 155]), unique values: tensor([0., 1., 2., 4.])
Transformed label shape: torch.Size([3, 240, 240, 155]), unique values: tensor([0., 1.])
Original label shape: torch.Size([1, 240, 240, 155]), unique values: tensor([0., 1., 2., 4.])
Transformed label shape: torch.Size([3, 240, 240, 155]), unique values: tensor([0., 1.])
Original label shape: torch.Size([1, 240, 240, 155]), unique values: tensor([0., 1., 2., 4.])
Transformed label shape: torch.Size([3, 240, 240, 155]), unique values: tensor([0., 1.])
Original label shape: torch.Size([1, 240, 240, 155]), unique values: tensor([0., 1., 2., 4.])
Transformed label shape: torch.Size([3, 240, 240, 155]), unique values: tensor([0., 1.])
Original label shape: torch.Size([1, 240, 240, 155]), unique values: tensor([0., 1., 2., 4.])
Transformed label shape: torch.Size([3, 240, 240, 155]), unique values: tensor([0., 1.])
Original label shape: torch.Size([1, 240, 240, 155]), unique values: tensor([0., 1., 2., 4.])
Transformed label shape: torch.Size([3, 240, 240, 155]), unique values: tensor([0., 1.])
Original label shape: torch.Size([1, 240, 240, 155]), unique values: tensor([0., 1., 2.])
Transformed label shape: torch.Size([3, 240, 240, 155]), unique values: tensor([0., 1.])
Original label shape: torch.Size([1, 240, 240, 155]), unique values: tensor([0., 1., 2., 4.])
Transformed label shape: torch.Size([3, 240, 240, 155]), unique values: tensor([0., 1.])
Original label shape: torch.Size([1, 240, 240, 155]), unique values: tensor([0., 1., 2., 4.])
Transformed label shape: torch.Size([3, 240, 240, 155]), unique values: tensor([0., 1.])
Original label shape: torch.Size([1, 240, 240, 155]), unique values: tensor([0., 1., 2., 4.])
Transformed label shape: torch.Size([3, 240, 240, 155]), unique values: tensor([0., 1.])
Original label shape: torch.Size([1, 240, 240, 155]), unique values: tensor([0., 1., 2., 4.])
Transformed label shape: torch.Size([3, 240, 240, 155]), unique values: tensor([0., 1.])
Original label shape: torch.Size([1, 240, 240, 155]), unique values: tensor([0., 1., 2., 4.])
Transformed label shape: torch.Size([3, 240, 240, 155]), unique values: tensor([0., 1.])
Original label shape: torch.Size([1, 240, 240, 155]), unique values: tensor([0., 1., 2., 4.])
Transformed label shape: torch.Size([3, 240, 240, 155]), unique values: tensor([0., 1.])
Original label shape: torch.Size([1, 240, 240, 155]), unique values: tensor([0., 1., 2., 4.])
Transformed label shape: torch.Size([3, 240, 240, 155]), unique values: tensor([0., 1.])
Original label shape: torch.Size([1, 240, 240, 155]), unique values: tensor([0., 1., 2., 4.])
Transformed label shape: torch.Size([3, 240, 240, 155]), unique values: tensor([0., 1.])
Original label shape: torch.Size([1, 240, 240, 155]), unique values: tensor([0., 1., 2., 4.])
Transformed label shape: torch.Size([3, 240, 240, 155]), unique values: tensor([0., 1.])
Original label shape: torch.Size([1, 240, 240, 155]), unique values: tensor([0., 1., 2., 4.])
Transformed label shape: torch.Size([3, 240, 240, 155]), unique values: tensor([0., 1.])
Original label shape: torch.Size([1, 240, 240, 155]), unique values: tensor([0., 1., 2., 4.])
Transformed label shape: torch.Size([3, 240, 240, 155]), unique values: tensor([0., 1.])
Original label shape: torch.Size([1, 240, 240, 155]), unique values: tensor([0., 1., 2., 4.])
Transformed label shape: torch.Size([3, 240, 240, 155]), unique values: tensor([0., 1.])
Original label shape: torch.Size([1, 240, 240, 155]), unique values: tensor([0., 1., 2., 4.])
Transformed label shape: torch.Size([3, 240, 240, 155]), unique values: tensor([0., 1.])
Original label shape: torch.Size([1, 240, 240, 155]), unique values: tensor([0., 1., 2., 4.])
Transformed label shape: torch.Size([3, 240, 240, 155]), unique values: tensor([0., 1.])
Original label shape: torch.Size([1, 240, 240, 155]), unique values: tensor([0., 1., 2., 4.])
Transformed label shape: torch.Size([3, 240, 240, 155]), unique values: tensor([0., 1.])
Original label shape: torch.Size([1, 240, 240, 155]), unique values: tensor([0., 1., 2., 4.])
Transformed label shape: torch.Size([3, 240, 240, 155]), unique values: tensor([0., 1.])
Original label shape: torch.Size([1, 240, 240, 155]), unique values: tensor([0., 1., 2., 4.])
Transformed label shape: torch.Size([3, 240, 240, 155]), unique values: tensor([0., 1.])
Original label shape: torch.Size([1, 240, 240, 155]), unique values: tensor([0., 1., 2., 4.])
Transformed label shape: torch.Size([3, 240, 240, 155]), unique values: tensor([0., 1.])
Original label shape: torch.Size([1, 240, 240, 155]), unique values: tensor([0., 1., 2., 4.])
Transformed label shape: torch.Size([3, 240, 240, 155]), unique values: tensor([0., 1.])
Original label shape: torch.Size([1, 240, 240, 155]), unique values: tensor([0., 1., 2., 4.])
Transformed label shape: torch.Size([3, 240, 240, 155]), unique values: tensor([0., 1.])
Original label shape: torch.Size([1, 240, 240, 155]), unique values: tensor([0., 1., 2., 4.])
Transformed label shape: torch.Size([3, 240, 240, 155]), unique values: tensor([0., 1.])
Original label shape: torch.Size([1, 240, 240, 155]), unique values: tensor([0., 1., 2., 4.])
Transformed label shape: torch.Size([3, 240, 240, 155]), unique values: tensor([0., 1.])
Original label shape: torch.Size([1, 240, 240, 155]), unique values: tensor([0., 1., 2., 4.])
Transformed label shape: torch.Size([3, 240, 240, 155]), unique values: tensor([0., 1.])
Original label shape: torch.Size([1, 240, 240, 155]), unique values: tensor([0., 1., 2., 4.])
Transformed label shape: torch.Size([3, 240, 240, 155]), unique values: tensor([0., 1.])
Original label shape: torch.Size([1, 240, 240, 155]), unique values: tensor([0., 1., 2., 4.])
Transformed label shape: torch.Size([3, 240, 240, 155]), unique values: tensor([0., 1.])
Original label shape: torch.Size([1, 240, 240, 155]), unique values: tensor([0., 1., 2., 4.])
Transformed label shape: torch.Size([3, 240, 240, 155]), unique values: tensor([0., 1.])
Original label shape: torch.Size([1, 240, 240, 155]), unique values: tensor([0., 1., 2., 4.])
Transformed label shape: torch.Size([3, 240, 240, 155]), unique values: tensor([0., 1.])
Original label shape: torch.Size([1, 240, 240, 155]), unique values: tensor([0., 1., 2., 4.])
Transformed label shape: torch.Size([3, 240, 240, 155]), unique values: tensor([0., 1.])
Original label shape: torch.Size([1, 240, 240, 155]), unique values: tensor([0., 1., 2., 4.])
Transformed label shape: torch.Size([3, 240, 240, 155]), unique values: tensor([0., 1.])
Original label shape: torch.Size([1, 240, 240, 155]), unique values: tensor([0., 1., 2., 4.])
Transformed label shape: torch.Size([3, 240, 240, 155]), unique values: tensor([0., 1.])
Original label shape: torch.Size([1, 240, 240, 155]), unique values: tensor([0., 1., 2., 4.])
Transformed label shape: torch.Size([3, 240, 240, 155]), unique values: tensor([0., 1.])
Original label shape: torch.Size([1, 240, 240, 155]), unique values: tensor([0., 1., 2., 4.])
Transformed label shape: torch.Size([3, 240, 240, 155]), unique values: tensor([0., 1.])
Original label shape: torch.Size([1, 240, 240, 155]), unique values: tensor([0., 1., 2., 4.])
Transformed label shape: torch.Size([3, 240, 240, 155]), unique values: tensor([0., 1.])
Original label shape: torch.Size([1, 240, 240, 155]), unique values: tensor([0., 1., 2., 4.])
Transformed label shape: torch.Size([3, 240, 240, 155]), unique values: tensor([0., 1.])
Original label shape: torch.Size([1, 240, 240, 155]), unique values: tensor([0., 1., 2., 4.])
Transformed label shape: torch.Size([3, 240, 240, 155]), unique values: tensor([0., 1.])
Original label shape: torch.Size([1, 240, 240, 155]), unique values: tensor([0., 1., 2., 4.])
Transformed label shape: torch.Size([3, 240, 240, 155]), unique values: tensor([0., 1.])
Original label shape: torch.Size([1, 240, 240, 155]), unique values: tensor([0., 1., 2., 4.])
Transformed label shape: torch.Size([3, 240, 240, 155]), unique values: tensor([0., 1.])
Original label shape: torch.Size([1, 240, 240, 155]), unique values: tensor([0., 1., 2., 4.])
Transformed label shape: torch.Size([3, 240, 240, 155]), unique values: tensor([0., 1.])
Original label shape: torch.Size([1, 240, 240, 155]), unique values: tensor([0., 1., 2., 4.])
Transformed label shape: torch.Size([3, 240, 240, 155]), unique values: tensor([0., 1.])
Original label shape: torch.Size([1, 240, 240, 155]), unique values: tensor([0., 1., 2., 4.])
Transformed label shape: torch.Size([3, 240, 240, 155]), unique values: tensor([0., 1.])
Original label shape: torch.Size([1, 240, 240, 155]), unique values: tensor([0., 1., 2., 4.])
Transformed label shape: torch.Size([3, 240, 240, 155]), unique values: tensor([0., 1.])
Original label shape: torch.Size([1, 240, 240, 155]), unique values: tensor([0., 1., 2., 4.])
Transformed label shape: torch.Size([3, 240, 240, 155]), unique values: tensor([0., 1.])
[1;34mwandb[0m: 
[1;34mwandb[0m: 🚀 View run [33mdutiful-haze-50[0m at: [34mhttps://wandb.ai/KaMiPa/brats_segmentation/runs/fnj4ksg4[0m
[1;34mwandb[0m: Find logs at: [1;35m../../../../../../mnt/aiongpfs/users/mnaseh/brats-segmentation-pipeline/task4/brats_segmentation/wandb/run-20250120_011422-fnj4ksg4/logs[0m
