Original label shape: torch.Size([1, 240, 240, 155]), unique values: tensor([0., 1., 2., 4.])
Transformed label shape: torch.Size([3, 240, 240, 155]), unique values: tensor([0., 1.])
Original label shape: torch.Size([1, 240, 240, 155]), unique values: tensor([0., 1., 2., 4.])
Transformed label shape: torch.Size([3, 240, 240, 155]), unique values: tensor([0., 1.])
Original label shape: torch.Size([1, 240, 240, 155]), unique values: tensor([0., 1., 2., 4.])
Transformed label shape: torch.Size([3, 240, 240, 155]), unique values: tensor([0., 1.])
Original label shape: torch.Size([1, 240, 240, 155]), unique values: tensor([0., 1., 2., 4.])
Transformed label shape: torch.Size([3, 240, 240, 155]), unique values: tensor([0., 1.])
Original label shape: torch.Size([1, 240, 240, 155]), unique values: tensor([0., 2., 4.])
Transformed label shape: torch.Size([3, 240, 240, 155]), unique values: tensor([0., 1.])
Original label shape: torch.Size([1, 240, 240, 155]), unique values: tensor([0., 1., 2., 4.])
Transformed label shape: torch.Size([3, 240, 240, 155]), unique values: tensor([0., 1.])
Original label shape: torch.Size([1, 240, 240, 155]), unique values: tensor([0., 1., 2., 4.])
Transformed label shape: torch.Size([3, 240, 240, 155]), unique values: tensor([0., 1.])
Original label shape: torch.Size([1, 240, 240, 155]), unique values: tensor([0., 1., 2., 4.])
Transformed label shape: torch.Size([3, 240, 240, 155]), unique values: tensor([0., 1.])
Original label shape: torch.Size([1, 240, 240, 155]), unique values: tensor([0., 1., 2., 4.])
Transformed label shape: torch.Size([3, 240, 240, 155]), unique values: tensor([0., 1.])
Original label shape: torch.Size([1, 240, 240, 155]), unique values: tensor([0., 1., 2., 4.])
Transformed label shape: torch.Size([3, 240, 240, 155]), unique values: tensor([0., 1.])
Original label shape: torch.Size([1, 240, 240, 155]), unique values: tensor([0., 1., 2., 4.])
Transformed label shape: torch.Size([3, 240, 240, 155]), unique values: tensor([0., 1.])
Original label shape: torch.Size([1, 240, 240, 155]), unique values: tensor([0., 1., 2., 4.])
Transformed label shape: torch.Size([3, 240, 240, 155]), unique values: tensor([0., 1.])
Original label shape: torch.Size([1, 240, 240, 155]), unique values: tensor([0., 1., 2., 4.])
Transformed label shape: torch.Size([3, 240, 240, 155]), unique values: tensor([0., 1.])
Original label shape: torch.Size([1, 240, 240, 155]), unique values: tensor([0., 1., 2., 4.])
Transformed label shape: torch.Size([3, 240, 240, 155]), unique values: tensor([0., 1.])
Original label shape: torch.Size([1, 240, 240, 155]), unique values: tensor([0., 1., 2., 4.])
Transformed label shape: torch.Size([3, 240, 240, 155]), unique values: tensor([0., 1.])
Original label shape: torch.Size([1, 240, 240, 155]), unique values: tensor([0., 1., 2., 4.])
Transformed label shape: torch.Size([3, 240, 240, 155]), unique values: tensor([0., 1.])
Original label shape: torch.Size([1, 240, 240, 155]), unique values: tensor([0., 1., 2., 4.])
Transformed label shape: torch.Size([3, 240, 240, 155]), unique values: tensor([0., 1.])
Original label shape: torch.Size([1, 240, 240, 155]), unique values: tensor([0., 1., 2., 4.])
Transformed label shape: torch.Size([3, 240, 240, 155]), unique values: tensor([0., 1.])
Original label shape: torch.Size([1, 240, 240, 155]), unique values: tensor([0., 1., 2.])
Transformed label shape: torch.Size([3, 240, 240, 155]), unique values: tensor([0., 1.])
Original label shape: torch.Size([1, 240, 240, 155]), unique values: tensor([0., 1., 2., 4.])
Transformed label shape: torch.Size([3, 240, 240, 155]), unique values: tensor([0., 1.])
Original label shape: torch.Size([1, 240, 240, 155]), unique values: tensor([0., 1., 2., 4.])
Transformed label shape: torch.Size([3, 240, 240, 155]), unique values: tensor([0., 1.])
Original label shape: torch.Size([1, 240, 240, 155]), unique values: tensor([0., 1., 2., 4.])
Transformed label shape: torch.Size([3, 240, 240, 155]), unique values: tensor([0., 1.])
Original label shape: torch.Size([1, 240, 240, 155]), unique values: tensor([0., 1., 2., 4.])
Transformed label shape: torch.Size([3, 240, 240, 155]), unique values: tensor([0., 1.])
Original label shape: torch.Size([1, 240, 240, 155]), unique values: tensor([0., 1., 2., 4.])
Transformed label shape: torch.Size([3, 240, 240, 155]), unique values: tensor([0., 1.])
Original label shape: torch.Size([1, 240, 240, 155]), unique values: tensor([0., 1., 2., 4.])
Transformed label shape: torch.Size([3, 240, 240, 155]), unique values: tensor([0., 1.])
Original label shape: torch.Size([1, 240, 240, 155]), unique values: tensor([0., 1., 2., 4.])
Transformed label shape: torch.Size([3, 240, 240, 155]), unique values: tensor([0., 1.])
Original label shape: torch.Size([1, 240, 240, 155]), unique values: tensor([0., 1., 2., 4.])
Transformed label shape: torch.Size([3, 240, 240, 155]), unique values: tensor([0., 1.])
Original label shape: torch.Size([1, 240, 240, 155]), unique values: tensor([0., 1., 2., 4.])
Transformed label shape: torch.Size([3, 240, 240, 155]), unique values: tensor([0., 1.])
Original label shape: torch.Size([1, 240, 240, 155]), unique values: tensor([0., 1., 2., 4.])
Transformed label shape: torch.Size([3, 240, 240, 155]), unique values: tensor([0., 1.])
Original label shape: torch.Size([1, 240, 240, 155]), unique values: tensor([0., 1., 2., 4.])
Transformed label shape: torch.Size([3, 240, 240, 155]), unique values: tensor([0., 1.])
Original label shape: torch.Size([1, 240, 240, 155]), unique values: tensor([0., 1., 2., 4.])
Transformed label shape: torch.Size([3, 240, 240, 155]), unique values: tensor([0., 1.])
Original label shape: torch.Size([1, 240, 240, 155]), unique values: tensor([0., 1., 2., 4.])
Transformed label shape: torch.Size([3, 240, 240, 155]), unique values: tensor([0., 1.])
Original label shape: torch.Size([1, 240, 240, 155]), unique values: tensor([0., 1., 2., 4.])
Transformed label shape: torch.Size([3, 240, 240, 155]), unique values: tensor([0., 1.])
Original label shape: torch.Size([1, 240, 240, 155]), unique values: tensor([0., 1., 2., 4.])
Transformed label shape: torch.Size([3, 240, 240, 155]), unique values: tensor([0., 1.])
Original label shape: torch.Size([1, 240, 240, 155]), unique values: tensor([0., 1., 2., 4.])
Transformed label shape: torch.Size([3, 240, 240, 155]), unique values: tensor([0., 1.])
Original label shape: torch.Size([1, 240, 240, 155]), unique values: tensor([0., 1., 2., 4.])
Transformed label shape: torch.Size([3, 240, 240, 155]), unique values: tensor([0., 1.])
Original label shape: torch.Size([1, 240, 240, 155]), unique values: tensor([0., 1., 2., 4.])
Transformed label shape: torch.Size([3, 240, 240, 155]), unique values: tensor([0., 1.])
Original label shape: torch.Size([1, 240, 240, 155]), unique values: tensor([0., 1., 2., 4.])
Transformed label shape: torch.Size([3, 240, 240, 155]), unique values: tensor([0., 1.])
Original label shape: torch.Size([1, 240, 240, 155]), unique values: tensor([0., 1., 2., 4.])
Transformed label shape: torch.Size([3, 240, 240, 155]), unique values: tensor([0., 1.])
Original label shape: torch.Size([1, 240, 240, 155]), unique values: tensor([0., 1., 2., 4.])
Transformed label shape: torch.Size([3, 240, 240, 155]), unique values: tensor([0., 1.])
Original label shape: torch.Size([1, 240, 240, 155]), unique values: tensor([0., 1., 2., 4.])
Transformed label shape: torch.Size([3, 240, 240, 155]), unique values: tensor([0., 1.])
Original label shape: torch.Size([1, 240, 240, 155]), unique values: tensor([0., 1., 2., 4.])
Transformed label shape: torch.Size([3, 240, 240, 155]), unique values: tensor([0., 1.])
Original label shape: torch.Size([1, 240, 240, 155]), unique values: tensor([0., 1., 2., 4.])
Transformed label shape: torch.Size([3, 240, 240, 155]), unique values: tensor([0., 1.])
Original label shape: torch.Size([1, 240, 240, 155]), unique values: tensor([0., 1., 2., 4.])
Transformed label shape: torch.Size([3, 240, 240, 155]), unique values: tensor([0., 1.])
Original label shape: torch.Size([1, 240, 240, 155]), unique values: tensor([0., 1., 2., 4.])
Transformed label shape: torch.Size([3, 240, 240, 155]), unique values: tensor([0., 1.])
Original label shape: torch.Size([1, 240, 240, 155]), unique values: tensor([0., 1., 2., 4.])
Transformed label shape: torch.Size([3, 240, 240, 155]), unique values: tensor([0., 1.])
Original label shape: torch.Size([1, 240, 240, 155]), unique values: tensor([0., 1., 2., 4.])
Transformed label shape: torch.Size([3, 240, 240, 155]), unique values: tensor([0., 1.])
Original label shape: torch.Size([1, 240, 240, 155]), unique values: tensor([0., 1., 2., 4.])
Transformed label shape: torch.Size([3, 240, 240, 155]), unique values: tensor([0., 1.])
Original label shape: torch.Size([1, 240, 240, 155]), unique values: tensor([0., 1., 2., 4.])
Transformed label shape: torch.Size([3, 240, 240, 155]), unique values: tensor([0., 1.])
Original label shape: torch.Size([1, 240, 240, 155]), unique values: tensor([0., 1., 2., 4.])
Transformed label shape: torch.Size([3, 240, 240, 155]), unique values: tensor([0., 1.])
Original label shape: torch.Size([1, 240, 240, 155]), unique values: tensor([0., 1., 2., 4.])
Transformed label shape: torch.Size([3, 240, 240, 155]), unique values: tensor([0., 1.])
Original label shape: torch.Size([1, 240, 240, 155]), unique values: tensor([0., 1., 2., 4.])
Transformed label shape: torch.Size([3, 240, 240, 155]), unique values: tensor([0., 1.])
Original label shape: torch.Size([1, 240, 240, 155]), unique values: tensor([0., 1., 2., 4.])
Transformed label shape: torch.Size([3, 240, 240, 155]), unique values: tensor([0., 1.])
Original label shape: torch.Size([1, 240, 240, 155]), unique values: tensor([0., 1., 2., 4.])
Transformed label shape: torch.Size([3, 240, 240, 155]), unique values: tensor([0., 1.])
Original label shape: torch.Size([1, 240, 240, 155]), unique values: tensor([0., 1., 2., 4.])
Transformed label shape: torch.Size([3, 240, 240, 155]), unique values: tensor([0., 1.])
Original label shape: torch.Size([1, 240, 240, 155]), unique values: tensor([0., 1., 2., 4.])
Transformed label shape: torch.Size([3, 240, 240, 155]), unique values: tensor([0., 1.])
Original label shape: torch.Size([1, 240, 240, 155]), unique values: tensor([0., 1., 2., 4.])
Transformed label shape: torch.Size([3, 240, 240, 155]), unique values: tensor([0., 1.])
Original label shape: torch.Size([1, 240, 240, 155]), unique values: tensor([0., 1., 2., 4.])
Transformed label shape: torch.Size([3, 240, 240, 155]), unique values: tensor([0., 1.])
Original label shape: torch.Size([1, 240, 240, 155]), unique values: tensor([0., 1., 2., 4.])
Transformed label shape: torch.Size([3, 240, 240, 155]), unique values: tensor([0., 1.])
Original label shape: torch.Size([1, 240, 240, 155]), unique values: tensor([0., 1., 2., 4.])
Transformed label shape: torch.Size([3, 240, 240, 155]), unique values: tensor([0., 1.])
Original label shape: torch.Size([1, 240, 240, 155]), unique values: tensor([0., 1., 2., 4.])
Transformed label shape: torch.Size([3, 240, 240, 155]), unique values: tensor([0., 1.])
Mean Validation Dice: 0.0134
Saved Best Model at Epoch 1: Mean Dice: 0.0134
Original label shape: torch.Size([1, 240, 240, 155]), unique values: tensor([0., 1., 2., 4.])
Transformed label shape: torch.Size([3, 240, 240, 155]), unique values: tensor([0., 1.])
Original label shape: torch.Size([1, 240, 240, 155]), unique values: tensor([0., 1., 2., 4.])
Transformed label shape: torch.Size([3, 240, 240, 155]), unique values: tensor([0., 1.])
Original label shape: torch.Size([1, 240, 240, 155]), unique values: tensor([0., 1., 2., 4.])
Transformed label shape: torch.Size([3, 240, 240, 155]), unique values: tensor([0., 1.])
Original label shape: torch.Size([1, 240, 240, 155]), unique values: tensor([0., 1., 2., 4.])
Transformed label shape: torch.Size([3, 240, 240, 155]), unique values: tensor([0., 1.])
Original label shape: torch.Size([1, 240, 240, 155]), unique values: tensor([0., 1., 2., 4.])
Transformed label shape: torch.Size([3, 240, 240, 155]), unique values: tensor([0., 1.])
Original label shape: torch.Size([1, 240, 240, 155]), unique values: tensor([0., 1., 2., 4.])
Transformed label shape: torch.Size([3, 240, 240, 155]), unique values: tensor([0., 1.])
Original label shape: torch.Size([1, 240, 240, 155]), unique values: tensor([0., 1., 2., 4.])
Transformed label shape: torch.Size([3, 240, 240, 155]), unique values: tensor([0., 1.])
Original label shape: torch.Size([1, 240, 240, 155]), unique values: tensor([0., 1., 2., 4.])
Transformed label shape: torch.Size([3, 240, 240, 155]), unique values: tensor([0., 1.])
Original label shape: torch.Size([1, 240, 240, 155]), unique values: tensor([0., 1., 2., 4.])
Transformed label shape: torch.Size([3, 240, 240, 155]), unique values: tensor([0., 1.])
Mean Validation Dice: 0.0134
Original label shape: torch.Size([1, 240, 240, 155]), unique values: tensor([0., 1., 2., 4.])
Transformed label shape: torch.Size([3, 240, 240, 155]), unique values: tensor([0., 1.])
Original label shape: torch.Size([1, 240, 240, 155]), unique values: tensor([0., 1., 2., 4.])
Transformed label shape: torch.Size([3, 240, 240, 155]), unique values: tensor([0., 1.])
Original label shape: torch.Size([1, 240, 240, 155]), unique values: tensor([0., 1., 2., 4.])
Transformed label shape: torch.Size([3, 240, 240, 155]), unique values: tensor([0., 1.])
Original label shape: torch.Size([1, 240, 240, 155]), unique values: tensor([0., 1., 2., 4.])
Transformed label shape: torch.Size([3, 240, 240, 155]), unique values: tensor([0., 1.])
Original label shape: torch.Size([1, 240, 240, 155]), unique values: tensor([0., 1., 2., 4.])
Transformed label shape: torch.Size([3, 240, 240, 155]), unique values: tensor([0., 1.])
Original label shape: torch.Size([1, 240, 240, 155]), unique values: tensor([0., 1., 2., 4.])
Transformed label shape: torch.Size([3, 240, 240, 155]), unique values: tensor([0., 1.])
Original label shape: torch.Size([1, 240, 240, 155]), unique values: tensor([0., 1., 2., 4.])
Transformed label shape: torch.Size([3, 240, 240, 155]), unique values: tensor([0., 1.])
Original label shape: torch.Size([1, 240, 240, 155]), unique values: tensor([0., 1., 2., 4.])
Transformed label shape: torch.Size([3, 240, 240, 155]), unique values: tensor([0., 1.])
Original label shape: torch.Size([1, 240, 240, 155]), unique values: tensor([0., 1., 2., 4.])
Transformed label shape: torch.Size([3, 240, 240, 155]), unique values: tensor([0., 1.])
Mean Validation Dice: 0.0134
Original label shape: torch.Size([1, 240, 240, 155]), unique values: tensor([0., 1., 2., 4.])
Transformed label shape: torch.Size([3, 240, 240, 155]), unique values: tensor([0., 1.])
Original label shape: torch.Size([1, 240, 240, 155]), unique values: tensor([0., 1., 2., 4.])
Transformed label shape: torch.Size([3, 240, 240, 155]), unique values: tensor([0., 1.])
Original label shape: torch.Size([1, 240, 240, 155]), unique values: tensor([0., 1., 2., 4.])
Transformed label shape: torch.Size([3, 240, 240, 155]), unique values: tensor([0., 1.])
Original label shape: torch.Size([1, 240, 240, 155]), unique values: tensor([0., 1., 2., 4.])
Transformed label shape: torch.Size([3, 240, 240, 155]), unique values: tensor([0., 1.])
Original label shape: torch.Size([1, 240, 240, 155]), unique values: tensor([0., 1., 2., 4.])
Transformed label shape: torch.Size([3, 240, 240, 155]), unique values: tensor([0., 1.])
Original label shape: torch.Size([1, 240, 240, 155]), unique values: tensor([0., 1., 2., 4.])
Transformed label shape: torch.Size([3, 240, 240, 155]), unique values: tensor([0., 1.])
Original label shape: torch.Size([1, 240, 240, 155]), unique values: tensor([0., 1., 2., 4.])
Transformed label shape: torch.Size([3, 240, 240, 155]), unique values: tensor([0., 1.])
Original label shape: torch.Size([1, 240, 240, 155]), unique values: tensor([0., 1., 2., 4.])
Transformed label shape: torch.Size([3, 240, 240, 155]), unique values: tensor([0., 1.])
Original label shape: torch.Size([1, 240, 240, 155]), unique values: tensor([0., 1., 2., 4.])
Transformed label shape: torch.Size([3, 240, 240, 155]), unique values: tensor([0., 1.])
Mean Validation Dice: 0.0134
Original label shape: torch.Size([1, 240, 240, 155]), unique values: tensor([0., 1., 2., 4.])
Transformed label shape: torch.Size([3, 240, 240, 155]), unique values: tensor([0., 1.])
Original label shape: torch.Size([1, 240, 240, 155]), unique values: tensor([0., 1., 2., 4.])
Transformed label shape: torch.Size([3, 240, 240, 155]), unique values: tensor([0., 1.])
Original label shape: torch.Size([1, 240, 240, 155]), unique values: tensor([0., 1., 2., 4.])
Transformed label shape: torch.Size([3, 240, 240, 155]), unique values: tensor([0., 1.])
Original label shape: torch.Size([1, 240, 240, 155]), unique values: tensor([0., 1., 2., 4.])
Transformed label shape: torch.Size([3, 240, 240, 155]), unique values: tensor([0., 1.])
Original label shape: torch.Size([1, 240, 240, 155]), unique values: tensor([0., 1., 2., 4.])
Transformed label shape: torch.Size([3, 240, 240, 155]), unique values: tensor([0., 1.])
Original label shape: torch.Size([1, 240, 240, 155]), unique values: tensor([0., 1., 2., 4.])
Transformed label shape: torch.Size([3, 240, 240, 155]), unique values: tensor([0., 1.])
Original label shape: torch.Size([1, 240, 240, 155]), unique values: tensor([0., 1., 2., 4.])
Transformed label shape: torch.Size([3, 240, 240, 155]), unique values: tensor([0., 1.])
Original label shape: torch.Size([1, 240, 240, 155]), unique values: tensor([0., 1., 2., 4.])
Transformed label shape: torch.Size([3, 240, 240, 155]), unique values: tensor([0., 1.])
Original label shape: torch.Size([1, 240, 240, 155]), unique values: tensor([0., 1., 2., 4.])
Transformed label shape: torch.Size([3, 240, 240, 155]), unique values: tensor([0., 1.])
Mean Validation Dice: 0.0134
Original label shape: torch.Size([1, 240, 240, 155]), unique values: tensor([0., 1., 2., 4.])
Transformed label shape: torch.Size([3, 240, 240, 155]), unique values: tensor([0., 1.])
Original label shape: torch.Size([1, 240, 240, 155]), unique values: tensor([0., 1., 2., 4.])
Transformed label shape: torch.Size([3, 240, 240, 155]), unique values: tensor([0., 1.])
Original label shape: torch.Size([1, 240, 240, 155]), unique values: tensor([0., 1., 2., 4.])
Transformed label shape: torch.Size([3, 240, 240, 155]), unique values: tensor([0., 1.])
Original label shape: torch.Size([1, 240, 240, 155]), unique values: tensor([0., 1., 2., 4.])
Transformed label shape: torch.Size([3, 240, 240, 155]), unique values: tensor([0., 1.])
Original label shape: torch.Size([1, 240, 240, 155]), unique values: tensor([0., 1., 2., 4.])
Transformed label shape: torch.Size([3, 240, 240, 155]), unique values: tensor([0., 1.])
Original label shape: torch.Size([1, 240, 240, 155]), unique values: tensor([0., 1., 2., 4.])
Transformed label shape: torch.Size([3, 240, 240, 155]), unique values: tensor([0., 1.])
Original label shape: torch.Size([1, 240, 240, 155]), unique values: tensor([0., 1., 2., 4.])
Transformed label shape: torch.Size([3, 240, 240, 155]), unique values: tensor([0., 1.])
Original label shape: torch.Size([1, 240, 240, 155]), unique values: tensor([0., 1., 2., 4.])
Transformed label shape: torch.Size([3, 240, 240, 155]), unique values: tensor([0., 1.])
Original label shape: torch.Size([1, 240, 240, 155]), unique values: tensor([0., 1., 2., 4.])
Transformed label shape: torch.Size([3, 240, 240, 155]), unique values: tensor([0., 1.])
Mean Validation Dice: 0.0134
Original label shape: torch.Size([1, 240, 240, 155]), unique values: tensor([0., 1., 2., 4.])
Transformed label shape: torch.Size([3, 240, 240, 155]), unique values: tensor([0., 1.])
Original label shape: torch.Size([1, 240, 240, 155]), unique values: tensor([0., 1., 2., 4.])
Transformed label shape: torch.Size([3, 240, 240, 155]), unique values: tensor([0., 1.])
Original label shape: torch.Size([1, 240, 240, 155]), unique values: tensor([0., 1., 2., 4.])
Transformed label shape: torch.Size([3, 240, 240, 155]), unique values: tensor([0., 1.])
Original label shape: torch.Size([1, 240, 240, 155]), unique values: tensor([0., 1., 2., 4.])
Transformed label shape: torch.Size([3, 240, 240, 155]), unique values: tensor([0., 1.])
Original label shape: torch.Size([1, 240, 240, 155]), unique values: tensor([0., 1., 2., 4.])
Transformed label shape: torch.Size([3, 240, 240, 155]), unique values: tensor([0., 1.])
Original label shape: torch.Size([1, 240, 240, 155]), unique values: tensor([0., 1., 2., 4.])
Transformed label shape: torch.Size([3, 240, 240, 155]), unique values: tensor([0., 1.])
Original label shape: torch.Size([1, 240, 240, 155]), unique values: tensor([0., 1., 2., 4.])
Transformed label shape: torch.Size([3, 240, 240, 155]), unique values: tensor([0., 1.])
Original label shape: torch.Size([1, 240, 240, 155]), unique values: tensor([0., 1., 2., 4.])
Transformed label shape: torch.Size([3, 240, 240, 155]), unique values: tensor([0., 1.])
Original label shape: torch.Size([1, 240, 240, 155]), unique values: tensor([0., 1., 2., 4.])
Transformed label shape: torch.Size([3, 240, 240, 155]), unique values: tensor([0., 1.])
Mean Validation Dice: 0.0134
Original label shape: torch.Size([1, 240, 240, 155]), unique values: tensor([0., 1., 2., 4.])
Transformed label shape: torch.Size([3, 240, 240, 155]), unique values: tensor([0., 1.])
Original label shape: torch.Size([1, 240, 240, 155]), unique values: tensor([0., 1., 2., 4.])
Transformed label shape: torch.Size([3, 240, 240, 155]), unique values: tensor([0., 1.])
Original label shape: torch.Size([1, 240, 240, 155]), unique values: tensor([0., 1., 2., 4.])
Transformed label shape: torch.Size([3, 240, 240, 155]), unique values: tensor([0., 1.])
Original label shape: torch.Size([1, 240, 240, 155]), unique values: tensor([0., 1., 2., 4.])
Transformed label shape: torch.Size([3, 240, 240, 155]), unique values: tensor([0., 1.])
Original label shape: torch.Size([1, 240, 240, 155]), unique values: tensor([0., 1., 2., 4.])
Transformed label shape: torch.Size([3, 240, 240, 155]), unique values: tensor([0., 1.])
Original label shape: torch.Size([1, 240, 240, 155]), unique values: tensor([0., 1., 2., 4.])
Transformed label shape: torch.Size([3, 240, 240, 155]), unique values: tensor([0., 1.])
Original label shape: torch.Size([1, 240, 240, 155]), unique values: tensor([0., 1., 2., 4.])
Transformed label shape: torch.Size([3, 240, 240, 155]), unique values: tensor([0., 1.])
Original label shape: torch.Size([1, 240, 240, 155]), unique values: tensor([0., 1., 2., 4.])
Transformed label shape: torch.Size([3, 240, 240, 155]), unique values: tensor([0., 1.])
Original label shape: torch.Size([1, 240, 240, 155]), unique values: tensor([0., 1., 2., 4.])
Transformed label shape: torch.Size([3, 240, 240, 155]), unique values: tensor([0., 1.])
Mean Validation Dice: 0.0134
Original label shape: torch.Size([1, 240, 240, 155]), unique values: tensor([0., 1., 2., 4.])
Transformed label shape: torch.Size([3, 240, 240, 155]), unique values: tensor([0., 1.])
Original label shape: torch.Size([1, 240, 240, 155]), unique values: tensor([0., 1., 2., 4.])
Transformed label shape: torch.Size([3, 240, 240, 155]), unique values: tensor([0., 1.])
Original label shape: torch.Size([1, 240, 240, 155]), unique values: tensor([0., 1., 2., 4.])
Transformed label shape: torch.Size([3, 240, 240, 155]), unique values: tensor([0., 1.])
Original label shape: torch.Size([1, 240, 240, 155]), unique values: tensor([0., 1., 2., 4.])
Transformed label shape: torch.Size([3, 240, 240, 155]), unique values: tensor([0., 1.])
Original label shape: torch.Size([1, 240, 240, 155]), unique values: tensor([0., 1., 2., 4.])
Transformed label shape: torch.Size([3, 240, 240, 155]), unique values: tensor([0., 1.])
Original label shape: torch.Size([1, 240, 240, 155]), unique values: tensor([0., 1., 2., 4.])
Transformed label shape: torch.Size([3, 240, 240, 155]), unique values: tensor([0., 1.])
Original label shape: torch.Size([1, 240, 240, 155]), unique values: tensor([0., 1., 2., 4.])
Transformed label shape: torch.Size([3, 240, 240, 155]), unique values: tensor([0., 1.])
Original label shape: torch.Size([1, 240, 240, 155]), unique values: tensor([0., 1., 2., 4.])
Transformed label shape: torch.Size([3, 240, 240, 155]), unique values: tensor([0., 1.])
Original label shape: torch.Size([1, 240, 240, 155]), unique values: tensor([0., 1., 2., 4.])
Transformed label shape: torch.Size([3, 240, 240, 155]), unique values: tensor([0., 1.])
Mean Validation Dice: 0.0134
Saved Best Model at Epoch 9: Mean Dice: 0.0134
Original label shape: torch.Size([1, 240, 240, 155]), unique values: tensor([0., 1., 2., 4.])
Transformed label shape: torch.Size([3, 240, 240, 155]), unique values: tensor([0., 1.])
Original label shape: torch.Size([1, 240, 240, 155]), unique values: tensor([0., 1., 2., 4.])
Transformed label shape: torch.Size([3, 240, 240, 155]), unique values: tensor([0., 1.])
Original label shape: torch.Size([1, 240, 240, 155]), unique values: tensor([0., 1., 2., 4.])
Transformed label shape: torch.Size([3, 240, 240, 155]), unique values: tensor([0., 1.])
Original label shape: torch.Size([1, 240, 240, 155]), unique values: tensor([0., 1., 2., 4.])
Transformed label shape: torch.Size([3, 240, 240, 155]), unique values: tensor([0., 1.])
Original label shape: torch.Size([1, 240, 240, 155]), unique values: tensor([0., 1., 2., 4.])
Transformed label shape: torch.Size([3, 240, 240, 155]), unique values: tensor([0., 1.])
Original label shape: torch.Size([1, 240, 240, 155]), unique values: tensor([0., 1., 2., 4.])
Transformed label shape: torch.Size([3, 240, 240, 155]), unique values: tensor([0., 1.])
Original label shape: torch.Size([1, 240, 240, 155]), unique values: tensor([0., 1., 2., 4.])
Transformed label shape: torch.Size([3, 240, 240, 155]), unique values: tensor([0., 1.])
Original label shape: torch.Size([1, 240, 240, 155]), unique values: tensor([0., 1., 2., 4.])
Transformed label shape: torch.Size([3, 240, 240, 155]), unique values: tensor([0., 1.])
Original label shape: torch.Size([1, 240, 240, 155]), unique values: tensor([0., 1., 2., 4.])
Transformed label shape: torch.Size([3, 240, 240, 155]), unique values: tensor([0., 1.])
Mean Validation Dice: 0.0134
[1;34mwandb[0m: 
[1;34mwandb[0m: 🚀 View run [33mdauntless-sea-58[0m at: [34mhttps://wandb.ai/KaMiPa/brats_segmentation/runs/i9kxk3fb[0m
[1;34mwandb[0m: Find logs at: [1;35m../../../../../../mnt/aiongpfs/users/mnaseh/brats-segmentation-pipeline/task4/brats_segmentation/wandb/run-20250120_094335-i9kxk3fb/logs[0m
